<?xml version="1.0" encoding="UTF-8"?>
<!-- Generated by org.testng.reporters.JUnitReportReporter -->
<testsuite hostname="senthil-PC" name="gitProject.GitDemo" tests="2" failures="0" timestamp="14 Dec 2020 08:01:42 GMT" time="0.022" errors="0">
  <testcase name="openBox" time="0.020" classname="gitProject.GitDemo"/>
  <testcase name="closeBox" time="0.002" classname="gitProject.GitDemo"/>
</testsuite> <!-- gitProject.GitDemo -->
